# JRE version: OpenJDK Runtime Environment (17.0.6) (build 17.0.6+0-b2043.56-9586694)
# Java VM: OpenJDK 64-Bit Server VM (17.0.6+0-b2043.56-9586694, mixed mode, tiered, compressed oops, compressed class ptrs, g1 gc, windows-amd64)
GC Precious Log:
 CPUs: 8 total, 8 available
 Memory: 7103M
 Large Page Support: Disabled
 NUMA Support: Disabled
 Compressed Oops: Enabled (32-bit)
 Heap Region Size: 1M
 Heap Min Capacity: 8M
 Heap Initial Capacity: 112M
 Heap Max Capacity: 1776M
 Pre-touch: Disabled
 Parallel Workers: 8
 Concurrent Workers: 2
 Concurrent Refinement Workers: 8
 Periodic GC: Disabled
Heap:
 garbage-first heap   total 64512K, used 29500K [0x0000000091000000, 0x0000000100000000)
  region size 1024K, 3 young (3072K), 3 survivors (3072K)
 Metaspace       used 43811K, committed 44096K, reserved 1089536K
  class space    used 5364K, committed 5504K, reserved 1048576K
GC Heap History (19 events):
Event: 1.276 GC heap before
{Heap before GC invocations=0 (full 0):
 garbage-first heap   total 114688K, used 27648K [0x0000000091000000, 0x0000000100000000)
  region size 1024K, 23 young (23552K), 0 survivors (0K)
 Metaspace       used 13307K, committed 13440K, reserved 1064960K
  class space    used 1279K, committed 1344K, reserved 1048576K
}
Event: 1.283 GC heap after
{Heap after GC invocations=1 (full 0):
 garbage-first heap   total 114688K, used 6899K [0x0000000091000000, 0x0000000100000000)
  region size 1024K, 3 young (3072K), 3 survivors (3072K)
 Metaspace       used 13307K, committed 13440K, reserved 1064960K
  class space    used 1279K, committed 1344K, reserved 1048576K
}
Event: 2.459 GC heap before
{Heap before GC invocations=1 (full 0):
 garbage-first heap   total 114688K, used 37619K [0x0000000091000000, 0x0000000100000000)
  region size 1024K, 34 young (34816K), 3 survivors (3072K)
 Metaspace       used 21336K, committed 21504K, reserved 1073152K
  class space    used 2375K, committed 2432K, reserved 1048576K
}
Event: 2.486 GC heap after
{Heap after GC invocations=2 (full 0):
 garbage-first heap   total 114688K, used 10454K [0x0000000091000000, 0x0000000100000000)
  region size 1024K, 4 young (4096K), 4 survivors (4096K)
 Metaspace       used 21336K, committed 21504K, reserved 1073152K
  class space    used 2375K, committed 2432K, reserved 1048576K
}
Event: 3.069 GC heap before
{Heap before GC invocations=3 (full 0):
 garbage-first heap   total 40960K, used 32982K [0x0000000091000000, 0x0000000100000000)
  region size 1024K, 23 young (23552K), 4 survivors (4096K)
 Metaspace       used 26111K, committed 26368K, reserved 1073152K
  class space    used 2933K, committed 3072K, reserved 1048576K
}
Event: 3.088 GC heap after
{Heap after GC invocations=4 (full 0):
 garbage-first heap   total 45056K, used 20693K [0x0000000091000000, 0x0000000100000000)
  region size 1024K, 3 young (3072K), 3 survivors (3072K)
 Metaspace       used 26111K, committed 26368K, reserved 1073152K
  class space    used 2933K, committed 3072K, reserved 1048576K
}
Event: 3.166 GC heap before
{Heap before GC invocations=4 (full 0):
 garbage-first heap   total 45056K, used 21717K [0x0000000091000000, 0x0000000100000000)
  region size 1024K, 4 young (4096K), 3 survivors (3072K)
 Metaspace       used 27255K, committed 27456K, reserved 1073152K
  class space    used 3047K, committed 3136K, reserved 1048576K
}
Event: 3.175 GC heap after
{Heap after GC invocations=5 (full 0):
 garbage-first heap   total 45056K, used 21858K [0x0000000091000000, 0x0000000100000000)
  region size 1024K, 1 young (1024K), 1 survivors (1024K)
 Metaspace       used 27255K, committed 27456K, reserved 1073152K
  class space    used 3047K, committed 3136K, reserved 1048576K
}
Event: 3.455 GC heap before
{Heap before GC invocations=5 (full 0):
 garbage-first heap   total 45056K, used 29026K [0x0000000091000000, 0x0000000100000000)
  region size 1024K, 9 young (9216K), 1 survivors (1024K)
 Metaspace       used 29556K, committed 29824K, reserved 1081344K
  class space    used 3342K, committed 3456K, reserved 1048576K
}
Event: 3.459 GC heap after
{Heap after GC invocations=6 (full 0):
 garbage-first heap   total 45056K, used 21963K [0x0000000091000000, 0x0000000100000000)
  region size 1024K, 1 young (1024K), 1 survivors (1024K)
 Metaspace       used 29556K, committed 29824K, reserved 1081344K
  class space    used 3342K, committed 3456K, reserved 1048576K
}
Event: 3.918 GC heap before
{Heap before GC invocations=7 (full 0):
 garbage-first heap   total 45056K, used 29131K [0x0000000091000000, 0x0000000100000000)
  region size 1024K, 11 young (11264K), 1 survivors (1024K)
 Metaspace       used 32696K, committed 33024K, reserved 1081344K
  class space    used 4019K, committed 4160K, reserved 1048576K
}
Event: 3.923 GC heap after
{Heap after GC invocations=8 (full 0):
 garbage-first heap   total 64512K, used 21093K [0x0000000091000000, 0x0000000100000000)
  region size 1024K, 2 young (2048K), 2 survivors (2048K)
 Metaspace       used 32696K, committed 33024K, reserved 1081344K
  class space    used 4019K, committed 4160K, reserved 1048576K
}
Event: 3.963 GC heap before
{Heap before GC invocations=8 (full 0):
 garbage-first heap   total 64512K, used 22117K [0x0000000091000000, 0x0000000100000000)
  region size 1024K, 3 young (3072K), 2 survivors (2048K)
 Metaspace       used 32704K, committed 33024K, reserved 1081344K
  class space    used 4019K, committed 4160K, reserved 1048576K
}
Event: 3.967 GC heap after
{Heap after GC invocations=9 (full 0):
 garbage-first heap   total 64512K, used 20479K [0x0000000091000000, 0x0000000100000000)
  region size 1024K, 1 young (1024K), 1 survivors (1024K)
 Metaspace       used 32704K, committed 33024K, reserved 1081344K
  class space    used 4019K, committed 4160K, reserved 1048576K
}
Event: 4.554 GC heap before
{Heap before GC invocations=9 (full 0):
 garbage-first heap   total 64512K, used 46079K [0x0000000091000000, 0x0000000100000000)
  region size 1024K, 25 young (25600K), 1 survivors (1024K)
 Metaspace       used 35628K, committed 35904K, reserved 1081344K
  class space    used 4558K, committed 4672K, reserved 1048576K
}
Event: 4.567 GC heap after
{Heap after GC invocations=10 (full 0):
 garbage-first heap   total 64512K, used 25900K [0x0000000091000000, 0x0000000100000000)
  region size 1024K, 4 young (4096K), 4 survivors (4096K)
 Metaspace       used 35628K, committed 35904K, reserved 1081344K
  class space    used 4558K, committed 4672K, reserved 1048576K
}
Event: 5.198 GC heap before
{Heap before GC invocations=10 (full 0):
 garbage-first heap   total 64512K, used 47404K [0x0000000091000000, 0x0000000100000000)
  region size 1024K, 25 young (25600K), 4 survivors (4096K)
 Metaspace       used 39785K, committed 40064K, reserved 1089536K
  class space    used 5026K, committed 5120K, reserved 1048576K
}
Event: 5.208 GC heap after
{Heap after GC invocations=11 (full 0):
 garbage-first heap   total 64512K, used 26571K [0x0000000091000000, 0x0000000100000000)
  region size 1024K, 3 young (3072K), 3 survivors (3072K)
 Metaspace       used 39785K, committed 40064K, reserved 1089536K
  class space    used 5026K, committed 5120K, reserved 1048576K
}
Event: 5.818 GC heap before
{Heap before GC invocations=11 (full 0):
 garbage-first heap   total 64512K, used 46027K [0x0000000091000000, 0x0000000100000000)
  region size 1024K, 23 young (23552K), 3 survivors (3072K)
 Metaspace       used 43811K, committed 44096K, reserved 1089536K
  class space    used 5364K, committed 5504K, reserved 1048576K
}

